<?xml version="1.0" encoding="UTF-8"?>
<!-- Generated by org.testng.reporters.JUnitReportReporter -->
<testsuite skipped="0" hostname="LAPTOP-SNG10N7O" name="package0909.Test0909" tests="1" failures="0" timestamp="09 Sep 2018 16:10:59 GMT" time="0.017" errors="0">
  <testcase name="Method0909" time="0.017" classname="package0909.Test0909"/>
</testsuite> <!-- package0909.Test0909 -->
