<?xml version="1.0" encoding="UTF-8"?>
<!-- Generated by org.testng.reporters.JUnitReportReporter -->
<testsuite skipped="0" hostname="LAPTOP-SNG10N7O" name="package0909.Test0909" tests="1" failures="0" timestamp="30 Sep 2018 10:30:05 GMT" time="6.207" errors="0">
  <testcase name="Method0909" time="6.207" classname="package0909.Test0909"/>
</testsuite> <!-- package0909.Test0909 -->
