<?xml version="1.0" encoding="UTF-8"?>
<!-- Generated by org.testng.reporters.JUnitReportReporter -->
<testsuite skipped="0" hostname="LAPTOP-SNG10N7O" name="package0909.Test0909" tests="1" failures="0" timestamp="16 Sep 2018 14:18:52 GMT" time="7.738" errors="0">
  <testcase name="Method0909" time="7.738" classname="package0909.Test0909"/>
</testsuite> <!-- package0909.Test0909 -->
